proguard/seeds.txt
android.support.v4.media.session.PlaybackStateCompat$1
android.support.v4.media.session.PlaybackStateCompat$1: PlaybackStateCompat$1()
android.support.v4.media.session.PlaybackStateCompat$1: android.support.v4.media.session.PlaybackStateCompat createFromParcel(android.os.Parcel)
android.support.v4.media.session.PlaybackStateCompat$1: android.support.v4.media.session.PlaybackStateCompat[] newArray(int)
android.support.v4.media.session.PlaybackStateCompat$1: java.lang.Object[] newArray(int)
android.support.v4.media.session.PlaybackStateCompat$1: java.lang.Object createFromParcel(android.os.Parcel)
android.support.v4.media.session.PlaybackStateCompat$Builder
android.support.v4.media.session.PlaybackStateCompat$Builder: int mState
android.support.v4.media.session.PlaybackStateCompat$Builder: long mPosition
android.support.v4.media.session.PlaybackStateCompat$Builder: long mBufferedPosition
android.support.v4.media.session.PlaybackStateCompat$Builder: float mRate
android.support.v4.media.session.PlaybackStateCompat$Builder: long mActions
android.support.v4.media.session.PlaybackStateCompat$Builder: java.lang.CharSequence mErrorMessage
android.support.v4.media.session.PlaybackStateCompat$Builder: long mUpdateTime
android.support.v4.media.session.PlaybackStateCompat$Builder: PlaybackStateCompat$Builder()
android.support.v4.media.session.PlaybackStateCompat$Builder: PlaybackStateCompat$Builder(android.support.v4.media.session.PlaybackStateCompat)
android.support.v4.media.session.PlaybackStateCompat$Builder: void setState(int,long,float)
android.support.v4.media.session.PlaybackStateCompat$Builder: void setBufferedPosition(long)
android.support.v4.media.session.PlaybackStateCompat$Builder: void setActions(long)
android.support.v4.media.session.PlaybackStateCompat$Builder: void setErrorMessage(java.lang.CharSequence)
android.support.v4.media.session.PlaybackStateCompat$Builder: android.support.v4.media.session.PlaybackStateCompat build()
android.support.v4.media.session.PlaybackStateCompatApi21
android.support.v4.media.session.PlaybackStateCompatApi21: PlaybackStateCompatApi21()
android.support.v4.media.session.PlaybackStateCompatApi21: int getState(java.lang.Object)
android.support.v4.media.session.PlaybackStateCompatApi21: long getPosition(java.lang.Object)
android.support.v4.media.session.PlaybackStateCompatApi21: long getBufferedPosition(java.lang.Object)
android.support.v4.media.session.PlaybackStateCompatApi21: float getPlaybackSpeed(java.lang.Object)
android.support.v4.media.session.PlaybackStateCompatApi21: long getActions(java.lang.Object)
android.support.v4.media.session.PlaybackStateCompatApi21: java.lang.CharSequence getErrorMessage(java.lang.Object)
android.support.v4.media.session.PlaybackStateCompatApi21: long getLastPositionUpdateTime(java.lang.Object)
android.support.v4.media.session.PlaybackStateCompatApi21: java.lang.Object newInstance(int,long,long,float,long,java.lang.CharSequence,long)
android.support.v4.net.ConnectivityManagerCompat
android.support.v4.net.ConnectivityManagerCompat: android.support.v4.net.ConnectivityManagerCompat$ConnectivityManagerCompatImpl IMPL
android.support.v4.net.ConnectivityManagerCompat: ConnectivityManagerCompat()
android.support.v4.net.ConnectivityManagerCompat: boolean isActiveNetworkMetered(android.net.ConnectivityManager)
android.support.v4.net.ConnectivityManagerCompat: android.net.NetworkInfo getNetworkInfoFromBroadcast(android.net.ConnectivityManager,android.content.Intent)
android.support.v4.net.ConnectivityManagerCompat: void <clinit>()
android.support.v4.net.ConnectivityManagerCompat$BaseConnectivityManagerCompatImpl
android.support.v4.net.ConnectivityManagerCompat$BaseConnectivityManagerCompatImpl: ConnectivityManagerCompat$BaseConnectivityManagerCompatImpl()
android.support.v4.net.ConnectivityManagerCompat$BaseConnectivityManagerCompatImpl: boolean isActiveNetworkMetered(android.net.ConnectivityManager)