proguard/mapping.txt
com.google.android.gms.wallet.wobs.CommonWalletObject$a -> com.google.android.gms.wallet.wobs.c:
    com.google.android.gms.wallet.wobs.CommonWalletObject awI -> a
    com.google.android.gms.wallet.wobs.CommonWalletObject$a dh(java.lang.String) -> a
    com.google.android.gms.wallet.wobs.CommonWalletObject ri() -> a
com.google.android.gms.wallet.wobs.a -> com.google.android.gms.wallet.wobs.e:
    com.google.android.gms.wallet.wobs.CommonWalletObject ec(android.os.Parcel) -> a
    com.google.android.gms.wallet.wobs.CommonWalletObject[] gl(int) -> a
    void a(com.google.android.gms.wallet.wobs.CommonWalletObject,android.os.Parcel,int) -> a
    java.lang.Object[] newArray(int) -> newArray
    java.lang.Object createFromParcel(android.os.Parcel) -> createFromParcel
com.google.android.gms.wallet.wobs.b -> com.google.android.gms.wallet.wobs.b:
    android.os.Parcelable$Creator CREATOR -> CREATOR
    int CK -> c
    java.lang.String label -> a
    java.lang.String value -> b
    int getVersionCode() -> a
    int describeContents() -> describeContents
    void writeToParcel(android.os.Parcel,int) -> writeToParcel
com.google.android.gms.wallet.wobs.c -> com.google.android.gms.wallet.wobs.h:
    com.google.android.gms.wallet.wobs.b ed(android.os.Parcel) -> a
    com.google.android.gms.wallet.wobs.b[] gm(int) -> a
    void a(com.google.android.gms.wallet.wobs.b,android.os.Parcel,int) -> a
    java.lang.Object[] newArray(int) -> newArray
    java.lang.Object createFromParcel(android.os.Parcel) -> createFromParcel
com.google.android.gms.wallet.wobs.d -> com.google.android.gms.wallet.wobs.d:
    android.os.Parcelable$Creator CREATOR -> CREATOR
    int CK -> d
    java.lang.String awJ -> a
    java.lang.String awK -> b
    java.util.ArrayList awL -> c
    int getVersionCode() -> a
    int describeContents() -> describeContents
    void writeToParcel(android.os.Parcel,int) -> writeToParcel
com.google.android.gms.wallet.wobs.e -> com.google.android.gms.wallet.wobs.i:
    com.google.android.gms.wallet.wobs.d ee(android.os.Parcel) -> a
    com.google.android.gms.wallet.wobs.d[] gn(int) -> a
    void a(com.google.android.gms.wallet.wobs.d,android.os.Parcel,int) -> a
    java.lang.Object[] newArray(int) -> newArray
    java.lang.Object createFromParcel(android.os.Parcel) -> createFromParcel
com.google.android.gms.wallet.wobs.f -> com.google.android.gms.wallet.wobs.f:
    android.os.Parcelable$Creator CREATOR -> CREATOR
    int CK -> e
    java.lang.String label -> a
    com.google.android.gms.wallet.wobs.g awM -> b
    java.lang.String type -> c
    com.google.android.gms.wallet.wobs.l avm -> d
    int getVersionCode() -> a
    int describeContents() -> describeContents
    void writeToParcel(android.os.Parcel,int) -> writeToParcel
com.google.android.gms.wallet.wobs.g -> com.google.android.gms.wallet.wobs.g:
    android.os.Parcelable$Creator CREATOR -> CREATOR
    int CK -> g
    int awN -> a
    java.lang.String awO -> b
    double awP -> c
    java.lang.String awQ -> d
    long awR -> e
    int awS -> f
    int getVersionCode() -> a
    int describeContents() -> describeContents
    void writeToParcel(android.os.Parcel,int) -> writeToParcel
com.google.android.gms.wallet.wobs.h -> com.google.android.gms.wallet.wobs.k:
    com.google.android.gms.wallet.wobs.g ef(android.os.Parcel) -> a
    com.google.android.gms.wallet.wobs.g[] go(int) -> a
    void a(com.google.android.gms.wallet.wobs.g,android.os.Parcel,int) -> a
    java.lang.Object[] newArray(int) -> newArray
    java.lang.Object createFromParcel(android.os.Parcel) -> createFromParcel
com.google.android.gms.wallet.wobs.i -> com.google.android.gms.wallet.wobs.m:
    com.google.android.gms.wallet.wobs.f eg(android.os.Parcel) -> a
    com.google.android.gms.wallet.wobs.f[] gp(int) -> a
    void a(com.google.android.gms.wallet.wobs.f,android.os.Parcel,int) -> a
    java.lang.Object[] newArray(int) -> newArray
    java.lang.Object createFromParcel(android.os.Parcel) -> createFromParcel