proguard/usage.txt
com.google.android.gms.wearable.DataApi$DeleteDataItemsResult
com.google.android.gms.wearable.DataApi$GetFdForAssetResult
com.google.android.gms.wearable.DataEvent
com.google.android.gms.wearable.DataEventBuffer
com.google.android.gms.wearable.DataItem:
    public abstract android.net.Uri getUri()
    public abstract byte[] getData()
    public abstract com.google.android.gms.wearable.DataItem setData(byte[])
    public abstract java.util.Map getAssets()
com.google.android.gms.wearable.DataItemBuffer
com.google.android.gms.wearable.DataMap
com.google.android.gms.wearable.DataMapItem
com.google.android.gms.wearable.MessageApi
com.google.android.gms.wearable.MessageApi$MessageListener
com.google.android.gms.wearable.MessageApi$SendMessageResult
com.google.android.gms.wearable.MessageEvent
com.google.android.gms.wearable.Node
com.google.android.gms.wearable.NodeApi
com.google.android.gms.wearable.NodeApi$GetConnectedNodesResult
com.google.android.gms.wearable.NodeApi$GetLocalNodeResult
com.google.android.gms.wearable.NodeApi$NodeListener
com.google.android.gms.wearable.PutDataMapRequest
com.google.android.gms.wearable.PutDataRequest:
    public static final java.lang.String WEAR_URI_SCHEME
    private PutDataRequest(int,android.net.Uri)
    public static com.google.android.gms.wearable.PutDataRequest createFromDataItem(com.google.android.gms.wearable.DataItem)
    public static com.google.android.gms.wearable.PutDataRequest k(android.net.Uri)
    public static com.google.android.gms.wearable.PutDataRequest createWithAutoAppendedId(java.lang.String)
    public static com.google.android.gms.wearable.PutDataRequest create(java.lang.String)
    private static android.net.Uri di(java.lang.String)
    public com.google.android.gms.wearable.PutDataRequest setData(byte[])
    public java.util.Map getAssets()
    public com.google.android.gms.wearable.Asset getAsset(java.lang.String)
    public boolean hasAsset(java.lang.String)
    public com.google.android.gms.wearable.PutDataRequest putAsset(java.lang.String,com.google.android.gms.wearable.Asset)
    public com.google.android.gms.wearable.PutDataRequest removeAsset(java.lang.String)
com.google.android.gms.wearable.Wearable
com.google.android.gms.wearable.Wearable$1
com.google.android.gms.wearable.Wearable$WearableOptions
com.google.android.gms.wearable.Wearable$WearableOptions$Builder
com.google.android.gms.wearable.WearableListenerService:
    public static final java.lang.String BIND_LISTENER_INTENT_ACTION
    private java.lang.String CS
    private android.os.Handler axn
    private android.os.IBinder Nk
    private boolean axp
    public void onCreate()
    public void onDestroy()
    public final android.os.IBinder onBind(android.content.Intent)
    public void onDataChanged(com.google.android.gms.wearable.DataEventBuffer)
    public void onMessageReceived(com.google.android.gms.wearable.MessageEvent)
    public void onPeerConnected(com.google.android.gms.wearable.Node)
    public void onPeerDisconnected(com.google.android.gms.wearable.Node)
    private void rl()
    private boolean bh(int)
    static synthetic java.lang.String a(com.google.android.gms.wearable.WearableListenerService)
    static synthetic void b(com.google.android.gms.wearable.WearableListenerService)
    static synthetic java.lang.Object c(com.google.android.gms.wearable.WearableListenerService)
    static synthetic boolean d(com.google.android.gms.wearable.WearableListenerService)
    static synthetic android.os.Handler e(com.google.android.gms.wearable.WearableListenerService)
com.google.android.gms.wearable.WearableListenerService$1
com.google.android.gms.wearable.WearableListenerService$a
com.google.android.gms.wearable.WearableListenerService$a$1
com.google.android.gms.wearable.WearableListenerService$a$2
com.google.android.gms.wearable.WearableListenerService$a$3
com.google.android.gms.wearable.WearableListenerService$a$4
com.google.android.gms.wearable.WearableStatusCodes